# JRE version: OpenJDK Runtime Environment 18.9 (11.0.15+10) (build 11.0.15+10)
# Java VM: OpenJDK 64-Bit Server VM 18.9 (11.0.15+10, mixed mode, tiered, compressed oops, g1 gc, windows-amd64)
Heap:
 garbage-first heap   total 583680K, used 277053K [0x0000000080000000, 0x0000000100000000)
  region size 1024K, 2 young (2048K), 2 survivors (2048K)
 Metaspace       used 158026K, capacity 163509K, committed 163656K, reserved 659456K
  class space    used 19660K, capacity 21722K, committed 21760K, reserved 516096K
GC Heap History (20 events):
Event: 3015.427 GC heap after
{Heap after GC invocations=303 (full 0):
 garbage-first heap   total 289792K, used 230222K [0x0000000080000000, 0x0000000100000000)
  region size 1024K, 4 young (4096K), 4 survivors (4096K)
 Metaspace       used 157404K, capacity 162899K, committed 163144K, reserved 659456K
  class space    used 19586K, capacity 21661K, committed 21760K, reserved 516096K
}
Event: 3015.447 GC heap before
{Heap before GC invocations=303 (full 0):
 garbage-first heap   total 289792K, used 239438K [0x0000000080000000, 0x0000000100000000)
  region size 1024K, 14 young (14336K), 4 survivors (4096K)
 Metaspace       used 157581K, capacity 163080K, committed 163144K, reserved 659456K
  class space    used 19607K, capacity 21700K, committed 21760K, reserved 516096K
}
Event: 3015.458 GC heap after
{Heap after GC invocations=304 (full 0):
 garbage-first heap   total 289792K, used 233472K [0x0000000080000000, 0x0000000100000000)
  region size 1024K, 2 young (2048K), 2 survivors (2048K)
 Metaspace       used 157581K, capacity 163080K, committed 163144K, reserved 659456K
  class space    used 19607K, capacity 21700K, committed 21760K, reserved 516096K
}
Event: 3015.482 GC heap before
{Heap before GC invocations=304 (full 0):
 garbage-first heap   total 289792K, used 245760K [0x0000000080000000, 0x0000000100000000)
  region size 1024K, 14 young (14336K), 2 survivors (2048K)
 Metaspace       used 157700K, capacity 163169K, committed 163400K, reserved 659456K
  class space    used 19622K, capacity 21708K, committed 21760K, reserved 516096K
}
Event: 3015.491 GC heap after
{Heap after GC invocations=305 (full 0):
 garbage-first heap   total 289792K, used 240640K [0x0000000080000000, 0x0000000100000000)
  region size 1024K, 2 young (2048K), 2 survivors (2048K)
 Metaspace       used 157700K, capacity 163169K, committed 163400K, reserved 659456K
  class space    used 19622K, capacity 21708K, committed 21760K, reserved 516096K
}
Event: 3015.523 GC heap before
{Heap before GC invocations=305 (full 0):
 garbage-first heap   total 289792K, used 252928K [0x0000000080000000, 0x0000000100000000)
  region size 1024K, 14 young (14336K), 2 survivors (2048K)
 Metaspace       used 157705K, capacity 163169K, committed 163400K, reserved 659456K
  class space    used 19622K, capacity 21708K, committed 21760K, reserved 516096K
}
Event: 3015.532 GC heap after
{Heap after GC invocations=306 (full 0):
 garbage-first heap   total 289792K, used 247316K [0x0000000080000000, 0x0000000100000000)
  region size 1024K, 2 young (2048K), 2 survivors (2048K)
 Metaspace       used 157705K, capacity 163169K, committed 163400K, reserved 659456K
  class space    used 19622K, capacity 21708K, committed 21760K, reserved 516096K
}
Event: 3015.552 GC heap before
{Heap before GC invocations=306 (full 0):
 garbage-first heap   total 289792K, used 258580K [0x0000000080000000, 0x0000000100000000)
  region size 1024K, 14 young (14336K), 2 survivors (2048K)
 Metaspace       used 157748K, capacity 163233K, committed 163400K, reserved 659456K
  class space    used 19629K, capacity 21708K, committed 21760K, reserved 516096K
}
Event: 3015.559 GC heap after
{Heap after GC invocations=307 (full 0):
 garbage-first heap   total 289792K, used 253904K [0x0000000080000000, 0x0000000100000000)
  region size 1024K, 2 young (2048K), 2 survivors (2048K)
 Metaspace       used 157748K, capacity 163233K, committed 163400K, reserved 659456K
  class space    used 19629K, capacity 21708K, committed 21760K, reserved 516096K
}
Event: 3015.587 GC heap before
{Heap before GC invocations=307 (full 0):
 garbage-first heap   total 289792K, used 265168K [0x0000000080000000, 0x0000000100000000)
  region size 1024K, 14 young (14336K), 2 survivors (2048K)
 Metaspace       used 157821K, capacity 163329K, committed 163400K, reserved 659456K
  class space    used 19647K, capacity 21740K, committed 21760K, reserved 516096K
}
Event: 3015.595 GC heap after
{Heap after GC invocations=308 (full 0):
 garbage-first heap   total 289792K, used 260399K [0x0000000080000000, 0x0000000100000000)
  region size 1024K, 2 young (2048K), 2 survivors (2048K)
 Metaspace       used 157821K, capacity 163329K, committed 163400K, reserved 659456K
  class space    used 19647K, capacity 21740K, committed 21760K, reserved 516096K
}
Event: 3015.663 GC heap before
{Heap before GC invocations=308 (full 0):
 garbage-first heap   total 289792K, used 271663K [0x0000000080000000, 0x0000000100000000)
  region size 1024K, 14 young (14336K), 2 survivors (2048K)
 Metaspace       used 157891K, capacity 163329K, committed 163400K, reserved 659456K
  class space    used 19663K, capacity 21740K, committed 21760K, reserved 516096K
}
Event: 3015.672 GC heap after
{Heap after GC invocations=309 (full 0):
 garbage-first heap   total 289792K, used 266389K [0x0000000080000000, 0x0000000100000000)
  region size 1024K, 2 young (2048K), 2 survivors (2048K)
 Metaspace       used 157891K, capacity 163329K, committed 163400K, reserved 659456K
  class space    used 19663K, capacity 21740K, committed 21760K, reserved 516096K
}
Event: 3015.794 GC heap before
{Heap before GC invocations=309 (full 0):
 garbage-first heap   total 289792K, used 277653K [0x0000000080000000, 0x0000000100000000)
  region size 1024K, 14 young (14336K), 2 survivors (2048K)
 Metaspace       used 157987K, capacity 163469K, committed 163656K, reserved 659456K
  class space    used 19671K, capacity 21742K, committed 21760K, reserved 516096K
}
Event: 3015.802 GC heap after
{Heap after GC invocations=310 (full 0):
 garbage-first heap   total 289792K, used 270638K [0x0000000080000000, 0x0000000100000000)
  region size 1024K, 2 young (2048K), 2 survivors (2048K)
 Metaspace       used 157987K, capacity 163469K, committed 163656K, reserved 659456K
  class space    used 19671K, capacity 21742K, committed 21760K, reserved 516096K
}
Event: 3015.888 GC heap before
{Heap before GC invocations=310 (full 0):
 garbage-first heap   total 289792K, used 282926K [0x0000000080000000, 0x0000000100000000)
  region size 1024K, 14 young (14336K), 2 survivors (2048K)
 Metaspace       used 157927K, capacity 163374K, committed 163656K, reserved 659456K
  class space    used 19650K, capacity 21703K, committed 21760K, reserved 516096K
}
Event: 3015.901 GC heap after
{Heap after GC invocations=311 (full 0):
 garbage-first heap   total 289792K, used 274132K [0x0000000080000000, 0x0000000100000000)
  region size 1024K, 2 young (2048K), 2 survivors (2048K)
 Metaspace       used 157927K, capacity 163374K, committed 163656K, reserved 659456K
  class space    used 19650K, capacity 21703K, committed 21760K, reserved 516096K
}
Event: 3016.018 GC heap before
{Heap before GC invocations=311 (full 0):
 garbage-first heap   total 289792K, used 285396K [0x0000000080000000, 0x0000000100000000)
  region size 1024K, 14 young (14336K), 2 survivors (2048K)
 Metaspace       used 158022K, capacity 163507K, committed 163656K, reserved 659456K
  class space    used 19660K, capacity 21722K, committed 21760K, reserved 516096K
}
Event: 3016.029 GC heap after
{Heap after GC invocations=312 (full 0):
 garbage-first heap   total 289792K, used 275379K [0x0000000080000000, 0x0000000100000000)
  region size 1024K, 1 young (1024K), 1 survivors (1024K)
 Metaspace       used 158022K, capacity 163507K, committed 163656K, reserved 659456K
  class space    used 19660K, capacity 21722K, committed 21760K, reserved 516096K
}
Event: 3016.109 GC heap before
{Heap before GC invocations=313 (full 0):
 garbage-first heap   total 289792K, used 288691K [0x0000000080000000, 0x0000000100000000)
  region size 1024K, 14 young (14336K), 1 survivors (1024K)
 Metaspace       used 158026K, capacity 163509K, committed 163656K, reserved 659456K
  class space    used 19660K, capacity 21722K, committed 21760K, reserved 516096K
}

